[ 28.10.2014 - 17:02:32 ]
    (MSG) [2] in SMILExtract : openSMILE starting!
[ 28.10.2014 - 17:02:32 ]
    (MSG) [2] in SMILExtract : config file is: /home/fran/Repos/ith-tp2/opensmile-2.0-rc1/opensmile/config/IS10_paraling.conf
[ 28.10.2014 - 17:02:32 ]
    (MSG) [2] in cComponentManager : successfully registered 93 component types.
[ 28.10.2014 - 17:02:32 ]
    (MSG) [2] in configManager : reading config file '/home/fran/Repos/ith-tp2/opensmile-2.0-rc1/opensmile/config/IS10_paraling.conf'
[ 28.10.2014 - 17:02:33 ]
    (MSG) [2] in configManager : reading config file 'arff_targets.conf'
[ 28.10.2014 - 17:02:33 ]
    (MSG) [2] in configManager : config file 'arff_targets.conf' not found, trying to open '/home/fran/Repos/ith-tp2/opensmile-2.0-rc1/opensmile/config/arff_targets.conf'.
[ 28.10.2014 - 17:02:33 ]
    (ERROR) [0] in commandlineParser : doParse: unknown option '-classes' on commandline!
[ 28.10.2014 - 17:02:33 ]
    (ERROR) [0] in commandlineParser : doParse: unknown option '-classlabel' on commandline!
[ 28.10.2014 - 17:02:33 ]
    (MSG) [2] in cComponentManager : successfully finished createInstances
                                 (31 component instances were finalised, 1 data memories were finalised)
[ 28.10.2014 - 17:02:33 ]
    (MSG) [2] in cComponentManager : starting single thread processing loop
[ 28.10.2014 - 17:02:33 ]
    (MSG) [2] in cComponentManager : Processing finished! System ran for 311 ticks.
